"../../../Engine/Content/Functions/Engine_MaterialFunctions01/Opacity/CameraDepthFade.uasset" 0
"../../../Engine/Content/EngineMaterials/T_Default_Material_Grid_M.uasset" 1
"../../../Engine/Content/EngineMaterials/T_Default_Material_Grid_N.uasset" 2
"../../../Engine/Content/EngineMaterials/WorldGridMaterial.uasset" 3
"../../../Engine/Content/BasicShapes/Plane.uasset" 4
"../../../Engine/Content/EditorLandscapeResources/DataLayer.uasset" 5
"../../../Engine/Content/EditorMaterials/GizmoMaterial.uasset" 6
"../../../Engine/Content/EditorMaterials/MAT_Groups_Toggle.uasset" 7
"../../../Engine/Content/EditorMaterials/MAT_Groups_Visibility.uasset" 8
"../../../Engine/Content/EditorMaterials/PreviewShadowIndicator.uasset" 9
"../../../Engine/Content/EditorMaterials/PreviewShadowIndicatorMaterial.uasset" 10
"../../../Engine/Content/EditorMaterials/AssetViewer/EpicQuadPanorama_CC+EV1.uasset" 11
"../../../Engine/Content/EditorMaterials/MatineeGroups/MAT_ColorTrack.uasset" 12
"../../../Engine/Content/EditorMaterials/MatineeGroups/MAT_Groups_Anim.uasset" 13
"../../../Engine/Content/EditorMaterials/MatineeGroups/MAT_Groups_AudioMaster.uasset" 14
"../../../Engine/Content/EditorMaterials/MatineeGroups/MAT_Groups_Director.uasset" 15
"../../../Engine/Content/EditorMaterials/MatineeGroups/MAT_Groups_Event.uasset" 16
"../../../Engine/Content/EditorMaterials/MatineeGroups/MAT_Groups_Fade.uasset" 17
"../../../Engine/Content/EditorMaterials/MatineeGroups/MAT_Groups_Float.uasset" 18
"../../../Engine/Content/EditorMaterials/MatineeGroups/MAT_Groups_Move.uasset" 19
"../../../Engine/Content/EditorMaterials/MatineeGroups/MAT_Groups_Slomo.uasset" 20
"../../../Engine/Content/EditorMaterials/MatineeGroups/MAT_Groups_Sound.uasset" 21
"../../../Engine/Content/EditorMaterials/MatineeGroups/MAT_Groups_Vector.uasset" 22
"../../../Engine/Content/EditorMaterials/ParticleSystems/PSysThumbnail_NoImage.uasset" 23
"../../../Engine/Content/EditorMaterials/ParticleSystems/PSysThumbnail_OOD.uasset" 24
"../../../Engine/Content/EditorMaterials/Camera/CineMat.uasset" 25
"../../../Engine/Content/EditorMaterials/Camera/MI_CineMat_Rig.uasset" 26
"../../../Engine/Content/EditorMeshes/Camera/SM_CraneRig_Arm.uasset" 27
"../../../Engine/Content/EditorMeshes/Camera/SM_CraneRig_Base.uasset" 28
"../../../Engine/Content/EditorMeshes/Camera/SM_CraneRig_Body.uasset" 29
"../../../Engine/Content/EditorMeshes/Camera/SM_CraneRig_Mount.uasset" 30
"../../../Engine/Content/EditorMeshes/Camera/SM_RailRig_Mount.uasset" 31
"../../../Engine/Content/EditorMeshes/Camera/SM_RailRig_Track.uasset" 32
"../../../Engine/Content/EditorResources/BSPVertex.uasset" 33
"../../../Engine/Content/EditorResources/EmptyActor.uasset" 34
"../../../Engine/Content/EditorResources/RGBTable16x1_AssetViewer.uasset" 35
"../../../Engine/Content/EditorResources/S_Actor.uasset" 36
"../../../Engine/Content/EditorResources/S_Trigger.uasset" 37
"../../../Engine/Content/EditorResources/AudioIcons/S_AudioComponent.uasset" 38
"../../../Engine/Content/EditorResources/AudioIcons/S_AudioComponent_AutoActivate.uasset" 39
"../../../Engine/Content/EditorResources/LightIcons/S_LightError.uasset" 40
"../../../Engine/Content/EditorResources/SequenceRecorder/Countdown.uasset" 41
"../../../Engine/Content/EditorResources/SequenceRecorder/RecordingIndicator.uasset" 42
"../../../Engine/Content/EditorSounds/Notifications/CompileFailed.uasset" 43
"../../../Engine/Content/EditorSounds/Notifications/CompileFailed_Cue.uasset" 44
"../../../Engine/Content/EditorSounds/Notifications/CompileSuccess.uasset" 45
"../../../Engine/Content/EditorSounds/Notifications/CompileStart_Cue.uasset" 46
"../../../Engine/Content/EditorSounds/Notifications/CompileSuccess_Cue.uasset" 47
"../../../Engine/Content/EngineDamageTypes/DmgTypeBP_Environmental.uasset" 48
"../../../Engine/Content/EngineDebugMaterials/HeatmapGradient.uasset" 49
"../../../Engine/Content/EngineDebugMaterials/BoneWeightMaterial.uasset" 50
"../../../Engine/Content/EngineDebugMaterials/DebugMeshMaterial.uasset" 51
"../../../Engine/Content/EngineDebugMaterials/GeomMaterial.uasset" 52
"../../../Engine/Content/EngineFonts/Faces/RobotoBold.uasset" 53
"../../../Engine/Content/EngineFonts/Faces/RobotoBoldItalic.uasset" 54
"../../../Engine/Content/EngineFonts/Faces/RobotoItalic.uasset" 55
"../../../Engine/Content/EngineFonts/Faces/RobotoLight.uasset" 56
"../../../Engine/Content/EngineFonts/Faces/RobotoRegular.uasset" 57
"../../../Engine/Content/EngineFonts/Roboto.uasset" 58
"../../../Engine/Content/EngineFonts/Faces/RobotoTiny.uasset" 59
"../../../Engine/Content/EngineFonts/RobotoTiny.uasset" 60
"../../../Engine/Content/EngineMaterials/DefaultBokeh.uasset" 61
"../../../Engine/Content/EngineMaterials/DefaultDiffuse.uasset" 62
"../../../Engine/Content/EngineMaterials/DefaultDeferredDecalMaterial.uasset" 63
"../../../Engine/Content/EngineMaterials/DefaultLightFunctionMaterial.uasset" 64
"../../../Engine/Content/EngineMaterials/DefaultPhysicalMaterial.uasset" 65
"../../../Engine/Content/Functions/Engine_MaterialFunctions02/Utility/BreakOutFloat2Components.uasset" 66
"../../../Engine/Content/EngineMaterials/DefaultPostProcessMaterial.uasset" 67
"../../../Engine/Content/EngineFonts/RobotoDistanceField.uasset" 68
"../../../Engine/Content/EngineMaterials/DefaultTextMaterialOpaque.uasset" 69
"../../../Engine/Content/EngineMaterials/DefaultWhiteGrid.uasset" 70
"../../../Engine/Content/EngineMaterials/EditorBrushMaterial.uasset" 71
"../../../Engine/Content/EngineMaterials/Good64x64TilingNoiseHighFreq.uasset" 72
"../../../Engine/Content/EngineMaterials/MiniFont.uasset" 73
"../../../Engine/Content/EngineMaterials/InvalidLightmapSettings.uasset" 74
"../../../Engine/Content/EngineMaterials/M_InvalidLightmapSettings.uasset" 75
"../../../Engine/Content/EngineMaterials/PhAT_JointLimitMaterial.uasset" 76
"../../../Engine/Content/EngineMaterials/PreintegratedSkinBRDF.uasset" 77
"../../../Engine/Content/EngineMaterials/RemoveSurfaceMaterial.uasset" 78
"../../../Engine/Content/EngineMaterials/WeightMapPlaceholderTexture.uasset" 79
"../../../Engine/Content/EngineResources/WhiteSquareTexture.uasset" 80
"../../../Engine/Content/EngineMaterials/Widget3DPassThrough.uasset" 81
"../../../Engine/Content/EngineMaterials/Widget3DPassThrough_Masked.uasset" 82
"../../../Engine/Content/EngineMaterials/Widget3DPassThrough_Opaque.uasset" 83
"../../../Engine/Content/EngineMaterials/Widget3DPassThrough_Masked_OneSided.uasset" 84
"../../../Engine/Content/EngineMaterials/Widget3DPassThrough_Opaque_OneSided.uasset" 85
"../../../Engine/Content/EngineMaterials/Widget3DPassThrough_Translucent.uasset" 86
"../../../Engine/Content/EngineMaterials/Widget3DPassThrough_Translucent_OneSided.uasset" 87
"../../../Engine/Content/EngineMaterials/DefaultMaterial.uasset" 88
"../../../Engine/Content/EngineMeshes/Cube.uasset" 89
"../../../Engine/Content/EngineMeshes/Cylinder.uasset" 90
"../../../Engine/Content/EngineMeshes/Sphere.uasset" 91
"../../../Engine/Content/EngineResources/Black.uasset" 92
"../../../Engine/Content/EngineResources/DefaultTexture.uasset" 93
"../../../Engine/Content/EngineResources/DefaultTextureCube.uasset" 94
"../../../Engine/Content/EngineResources/GradientTexture0.uasset" 95
"../../../Engine/Content/EngineSounds/Master.uasset" 96
"../../../Engine/Content/Functions/Engine_MaterialFunctions01/Shading/ConvertFromDiffSpec.uasset" 97
"../../../Engine/Content/Functions/Engine_MaterialFunctions01/Shading/PowerToRoughness.uasset" 98
"../../../Engine/Content/Maps/Templates/Thumbnails/Default.uasset" 99
"../../../Engine/Content/Maps/Templates/Thumbnails/VR-Basic.uasset" 100
"../../../Engine/Content/MobileResources/T_MobileControls_texture.uasset" 101
"../../../Engine/Content/MobileResources/T_MobileMenu2.uasset" 102
"../../../Engine/Content/MobileResources/HUD/AnalogHat.uasset" 103
"../../../Engine/Content/MobileResources/HUD/VirtualJoystick_Background.uasset" 104
"../../../Engine/Content/MobileResources/HUD/VirtualJoystick_Thumb.uasset" 105
"../../../Engine/Content/MobileResources/HUD/DefaultVirtualJoysticks.uasset" 106
"../../../Engine/Content/MobileResources/HUD/LeftVirtualJoystickOnly.uasset" 107
"../../../Engine/Content/MobileResources/HUD/MobileHUDButton1_off.uasset" 108
"../../../Engine/Content/MobileResources/HUD/MobileHUDButton1_on.uasset" 109
"../../../Engine/Content/MobileResources/HUD/MobileHUDButton2_off.uasset" 110
"../../../Engine/Content/MobileResources/HUD/MobileHUDButton2_on.uasset" 111
"../../../Engine/Content/MobileResources/HUD/MobileHUDButton3.uasset" 112
"../../../Engine/Content/MobileResources/HUD/MobileHUDButtonFire.uasset" 113
"../../../Engine/Content/MobileResources/HUD/MobileHUDDirectionPad.uasset" 114
"../../../Engine/Content/MobileResources/HUD/MobileHUDDirectionPad2.uasset" 115
"../../../Engine/Content/MobileResources/HUD/MobileHUDDirectionPad3.uasset" 116
"../../../Engine/Content/MobileResources/HUD/MobileHUDDirectionStick.uasset" 117
"../../../Engine/Content/MobileResources/HUD/T_Castle_ThumbstickInner.uasset" 118
"../../../Engine/Content/MobileResources/HUD/T_Castle_ThumbstickOutter.uasset" 119
"../../../Engine/Content/Tutorial/ContentIntroCurve.uasset" 120
"../../../Engine/Content/Tutorial/Basics/TutorialAssets/icon_tab_Levels_40x.uasset" 121
"../../../Engine/Content/Tutorial/BlueprintTutorials/TutorialAssets/BlueprintInterface_64x.uasset" 122
"../../../Engine/Content/Tutorial/BlueprintTutorials/TutorialAssets/BlueprintMacroLibrary_64x.uasset" 123
"../../../Engine/Content/Tutorial/BlueprintTutorials/TutorialAssets/Blueprint_64x.uasset" 124
"../../../Engine/Content/Tutorial/BlueprintTutorials/TutorialAssets/Tutorial_BP_Interface.uasset" 125
"../../../Engine/Content/Tutorial/Foliage/TutorialAssets/Foliage.uasset" 126
"../../../Engine/Content/Tutorial/Landscape/TutorialAssets/Landscape.uasset" 127
"../../../Engine/Content/Tutorial/Paper2D/TutorialAssets/Paper2DFlipbook_TutorialIcon.uasset" 128
"../../../Engine/Content/Tutorial/Paper2D/TutorialAssets/Paper2DSprite_TutorialIcon.uasset" 129
"../../../Engine/Content/Tutorial/SubEditors/TutorialAssets/icon_Editor_Preferences_General_40x.uasset" 130
"../../../Engine/Content/Tutorial/SubEditors/TutorialAssets/icon_ShowSkeletalMeshes_40x.uasset" 131
"../../../Engine/Content/Tutorial/SubEditors/TutorialAssets/TutorialMaterial.uasset" 132
"../../../Engine/Content/Tutorial/SubEditors/TutorialAssets/T_SmokeSubUV_8X8.uasset" 133
"../../../Engine/Content/Tutorial/SubEditors/TutorialAssets/T_soft_smoke.uasset" 134
"../../../Engine/Content/Tutorial/SubEditors/TutorialAssets/M_smoke_subUV_blackbody.uasset" 135
"../../../Engine/Content/Tutorial/SubEditors/TutorialAssets/TutorialParticleSystem.uasset" 136
"../../../Engine/Content/EditorMeshes/EditorCube.uasset" 137
"../../../Engine/Content/Tutorial/SubEditors/TutorialAssets/Tutorial_DM.uasset" 138
"../../../Engine/Content/VREditor/Devices/Generic/GenericHMDMaterial.uasset" 139
"../../../Engine/Content/VREditor/Devices/Generic/GenericHMD.uasset" 140
"../../../Engine/Content/VREditor/FloatingText/LineMaterial.uasset" 141
"../../../Engine/Content/VREditor/FloatingText/JointSphere.uasset" 142
"../../../Engine/Content/VREditor/FloatingText/LineSegmentCylinder.uasset" 143
"../../../Engine/Content/VREditor/Fonts/VRText_RobotoLarge.uasset" 144
"../../../Engine/Content/VREditor/Fonts/VRTextMaterial.uasset" 145
"../../../Engine/Content/VREditor/Fonts/TranslucentVRTextMaterial.uasset" 146
"../../../Engine/Content/VREditor/LaserPointer/VR_LaserPower_01.uasset" 147
"../../../Engine/Content/VREditor/LaserPointer/LaserPointerMaterial.uasset" 148
"../../../Engine/Content/VREditor/LaserPointer/LaserPointerMaterialInst.uasset" 149
"../../../Engine/Content/VREditor/LaserPointer/TranslucentLaserPointerMaterialInst.uasset" 150
"../../../Engine/Content/VREditor/LaserPointer/LaserPointerMesh.uasset" 151
"../../../Engine/Content/VREditor/Sounds/VR_grab_Cue.uasset" 152
"../../../Engine/Content/VREditor/Sounds/VR_teleport_Cue.uasset" 153
"../../../Engine/Content/VREditor/TransformGizmo/TransformGizmoMaterial.uasset" 154
"../../../Engine/Content/VREditor/TransformGizmo/TranslucentTransformGizmoMaterial.uasset" 155
"../../../Engine/Content/VREditor/TransformGizmo/BoundingBoxCorner.uasset" 156
"../../../Engine/Content/VREditor/TransformGizmo/BoundingBoxEdge.uasset" 157
"../../../Engine/Content/VREditor/TransformGizmo/PlaneTranslationHandle.uasset" 158
"../../../Engine/Content/VREditor/TransformGizmo/RotationHandle.uasset" 159
"../../../Engine/Content/VREditor/TransformGizmo/RotationHandleFull.uasset" 160
"../../../Engine/Content/VREditor/TransformGizmo/StretchingHandle.uasset" 161
"../../../Engine/Content/VREditor/TransformGizmo/TranslateHandleLong.uasset" 162
"../../../Engine/Content/VREditor/TransformGizmo/TranslationHandle.uasset" 163
"../../../Engine/Content/VREditor/TransformGizmo/UniformScaleHandle.uasset" 164
"../../../Engine/Content/VREditor/UI/CloseButtonMesh.uasset" 165
"../../../Engine/Content/VREditor/UI/SelectionBarMesh.uasset" 166
"../../../Engine/Content/Functions/Engine_MaterialFunctions01/Gradient/RadialGradient.uasset" 167
"../../../Engine/Content/VREditor/WorldMovementGrid/SimpleGrid.uasset" 168
"../../../Engine/Content/VREditor/WorldMovementGrid/GridMaterial.uasset" 169
"../../../Engine/Content/Functions/Engine_MaterialFunctions01/Density/ExponentialDensity.uasset" 170
"../../../Engine/Content/VREditor/WorldMovementGrid/GridPostProcess.uasset" 171
"../../../Engine/Content/EditorLandscapeResources/FlattenHeightMat.uasset" 172
"../../../Engine/Content/VREditor/WorldMovementGrid/PlaneMesh.uasset" 173
"../../../BombermanTest/Content/Blueprints/GameCamera/GameCamera.uasset" 174
"../../../BombermanTest/Content/Blueprints/Interfaces/PlayerStats.uasset" 175
"../../../BombermanTest/Content/Blueprints/Interfaces/UpdatePlayerStats.uasset" 176
"../../../BombermanTest/Content/StarterContent/Materials/M_Basic_Wall.uasset" 177
"../../../BombermanTest/Content/StarterContent/Architecture/Pillar_50x500.uasset" 178
"../../../BombermanTest/Content/StarterContent/Architecture/Wall_400x300.uasset" 179
"../../../BombermanTest/Content/StarterContent/Architecture/Wall_400x400.uasset" 180
"../../../BombermanTest/Content/StarterContent/Architecture/Wall_500x500.uasset" 181
"../../../BombermanTest/Content/StarterContent/Architecture/Wall_Door_400x400.uasset" 182
"../../../BombermanTest/Content/StarterContent/Architecture/Wall_Window_400x400.uasset" 183
"../../../BombermanTest/Content/StarterContent/Audio/Light01_Cue.uasset" 184
"../../../BombermanTest/Content/StarterContent/Audio/Light02_Cue.uasset" 185
"../../../BombermanTest/Content/StarterContent/Audio/Explosion_Cue.uasset" 186
"../../../BombermanTest/Content/StarterContent/Textures/T_Burst_M.uasset" 187
"../../../BombermanTest/Content/StarterContent/Particles/Materials/M_Burst.uasset" 188
"../../../BombermanTest/Content/StarterContent/Textures/T_Explosion_SubUV.uasset" 189
"../../../BombermanTest/Content/StarterContent/Particles/Materials/M_explosion_subUV.uasset" 190
"../../../BombermanTest/Content/StarterContent/Particles/Materials/m_flare_01.uasset" 191
"../../../BombermanTest/Content/StarterContent/Particles/Materials/M_radial_ramp.uasset" 192
"../../../BombermanTest/Content/StarterContent/Textures/T_Smoke_SubUV.uasset" 193
"../../../BombermanTest/Content/StarterContent/Textures/T_Smoke_Tiled_D.uasset" 194
"../../../BombermanTest/Content/StarterContent/Particles/Materials/M_smoke_subUV.uasset" 195
"../../../BombermanTest/Content/StarterContent/Particles/P_Explosion.uasset" 196
"../../../BombermanTest/Content/StarterContent/Blueprints/Blueprint_Effect_Explosion.uasset" 197
"../../../Engine/Content/EditorMeshes/ColorCalibrator/T_ColorGrid.uasset" 198
"../../../BombermanTest/Content/StarterContent/Materials/M_ColorGrid_LowSpec.uasset" 199
"../../../BombermanTest/Content/StarterContent/Textures/T_Bush_D.uasset" 200
"../../../BombermanTest/Content/StarterContent/Textures/T_Bush_N.uasset" 201
"../../../BombermanTest/Content/StarterContent/Props/Materials/M_Bush.uasset" 202
"../../../BombermanTest/Content/StarterContent/Props/SM_Bush.uasset" 203
"../../../BombermanTest/Content/StarterContent/Textures/T_Chair_M.uasset" 204
"../../../BombermanTest/Content/StarterContent/Textures/T_Chair_N.uasset" 205
"../../../BombermanTest/Content/StarterContent/Props/Materials/M_Chair.uasset" 206
"../../../BombermanTest/Content/StarterContent/Props/SM_Couch.uasset" 207
"../../../BombermanTest/Content/StarterContent/Materials/M_Glass.uasset" 208
"../../../BombermanTest/Content/StarterContent/Textures/T_Door_M.uasset" 209
"../../../BombermanTest/Content/StarterContent/Textures/T_Door_N.uasset" 210
"../../../BombermanTest/Content/StarterContent/Props/Materials/M_Door.uasset" 211
"../../../BombermanTest/Content/StarterContent/Props/SM_Door.uasset" 212
"../../../BombermanTest/Content/StarterContent/Props/Materials/M_MaterialSphere.uasset" 213
"../../../BombermanTest/Content/StarterContent/Props/Materials/M_MaterialSphere_Plain.uasset" 214
"../../../BombermanTest/Content/StarterContent/Props/SM_MatPreviewMesh_02.uasset" 215
"../../../Engine/Content/Functions/Engine_MaterialFunctions02/Utility/BlendAngleCorrectedNormals.uasset" 216
"../../../BombermanTest/Content/StarterContent/Textures/T_Detail_Rocky_N.uasset" 217
"../../../BombermanTest/Content/StarterContent/Textures/T_Rock_Basalt_D.uasset" 218
"../../../BombermanTest/Content/StarterContent/Textures/T_RockMesh_M.uasset" 219
"../../../BombermanTest/Content/StarterContent/Textures/T_RockMesh_N.uasset" 220
"../../../BombermanTest/Content/StarterContent/Props/Materials/M_Rock.uasset" 221
"../../../BombermanTest/Content/StarterContent/Props/SM_Rock.uasset" 222
"../../../BombermanTest/Content/StarterContent/Textures/T_Shelf_M.uasset" 223
"../../../BombermanTest/Content/StarterContent/Textures/T_Shelf_N.uasset" 224
"../../../BombermanTest/Content/StarterContent/Props/Materials/M_Shelf.uasset" 225
"../../../BombermanTest/Content/StarterContent/Props/SM_Shelf.uasset" 226
"../../../BombermanTest/Content/StarterContent/Materials/M_Basic_Floor.uasset" 227
"../../../BombermanTest/Content/StarterContent/Props/SM_Stairs.uasset" 228
"../../../BombermanTest/Content/StarterContent/Shapes/Shape_Cone.uasset" 229
"../../../BombermanTest/Content/StarterContent/Shapes/Shape_Cylinder.uasset" 230
"../../../BombermanTest/Content/StarterContent/Shapes/Shape_NarrowCapsule.uasset" 231
"../../../BombermanTest/Content/StarterContent/Shapes/Shape_Pipe.uasset" 232
"../../../BombermanTest/Content/StarterContent/Shapes/Shape_Pipe_180.uasset" 233
"../../../BombermanTest/Content/StarterContent/Shapes/Shape_Pipe_90.uasset" 234
"../../../BombermanTest/Content/StarterContent/Shapes/Shape_Plane.uasset" 235
"../../../BombermanTest/Content/StarterContent/Shapes/Shape_Torus.uasset" 236
"../../../BombermanTest/Content/StarterContent/Shapes/Shape_Trim.uasset" 237
"../../../BombermanTest/Content/StarterContent/Shapes/Shape_Trim_90_In.uasset" 238
"../../../BombermanTest/Content/StarterContent/Shapes/Shape_Trim_90_Out.uasset" 239
"../../../BombermanTest/Content/StarterContent/Shapes/Shape_TriPyramid.uasset" 240
"../../../BombermanTest/Content/StarterContent/Shapes/Shape_Tube.uasset" 241
"../../../BombermanTest/Content/StarterContent/Shapes/Shape_Wedge_A.uasset" 242
"../../../BombermanTest/Content/StarterContent/Shapes/Shape_Wedge_B.uasset" 243
"../../../BombermanTest/Content/StarterContent/Shapes/Shape_WideCapsule.uasset" 244
"../../../Engine/Plugins/2D/Paper2D/Content/DummySprite.uasset" 245
"../../../Engine/Plugins/2D/Paper2D/Content/DefaultPaperTerrainMaterial.uasset" 246
"../../../Engine/Plugins/2D/Paper2D/Content/DefaultSpriteMaterial.uasset" 247
"../../../Engine/Plugins/2D/Paper2D/Content/MaskedUnlitSpriteMaterial.uasset" 248
"../../../Engine/Plugins/2D/Paper2D/Content/OpaqueUnlitSpriteMaterial.uasset" 249
"../../../Engine/Plugins/2D/Paper2D/Content/PlaceholderTextures/DummySpriteTexture.uasset" 250
"../../../Engine/Content/EditorBlueprintResources/StandardMacros.uasset" 251
"../../../Engine/Content/EngineSky/C_Sky_Cloud_Color.uasset" 252
"../../../Engine/Content/EngineSky/C_Sky_Horizon_Color.uasset" 253
"../../../Engine/Content/EngineSky/C_Sky_Zenith_Color.uasset" 254
"../../../Engine/Content/EngineSky/T_Sky_Blue.uasset" 255
"../../../Engine/Content/EngineSky/T_Sky_Clouds_M.uasset" 256
"../../../Engine/Content/EngineSky/T_Sky_Stars.uasset" 257
"../../../Engine/Content/EngineSky/M_Sky_Panning_Clouds2.uasset" 258
"../../../Engine/Content/EngineSky/SM_SkySphere.uasset" 259
"../../../Engine/Content/EngineSky/BP_Sky_Sphere.uasset" 260
"../../../Engine/Content/MapTemplates/SM_Template_Map_Floor.uasset" 261
"../../../Engine/Content/Maps/Templates/Template_Default.umap" 262
"../../../BombermanTest/Content/Blueprints/Interfaces/BombSetup.uasset" 263
"../../../BombermanTest/Content/Blueprints/Interfaces/TakeDamage.uasset" 264
"../../../BombermanTest/Content/Material/BombMain.uasset" 265
"../../../BombermanTest/Content/Material/BombReady.uasset" 266
"../../../BombermanTest/Content/Material/BombTip.uasset" 267
"../../../BombermanTest/Content/Material/Explosion.uasset" 268
"../../../Engine/Content/BasicShapes/Cylinder.uasset" 269
"../../../Engine/Content/BasicShapes/Sphere.uasset" 270
"../../../BombermanTest/Content/Blueprints/Bomb/Bomb.uasset" 271
"../../../BombermanTest/Content/Material/Player2Head.uasset" 272
"../../../BombermanTest/Content/Blueprints/PlayerCharacter/Player2.uasset" 273
"../../../BombermanTest/Content/Textures/PixelBomb.uasset" 274
"../../../BombermanTest/Content/Textures/PixelHeart.uasset" 275
"../../../BombermanTest/Content/UI/LevelUI.uasset" 276
"../../../BombermanTest/Content/UI/Player1Wins.uasset" 277
"../../../BombermanTest/Content/UI/Player2Wins.uasset" 278
"../../../BombermanTest/Content/Blueprints/GameMode/BomberMan.uasset" 279
"../../../Engine/Content/BasicShapes/BasicShapeMaterial.uasset" 280
"../../../Engine/Content/BasicShapes/Cone.uasset" 281
"../../../Engine/Content/BasicShapes/Cube.uasset" 282
"../../../BombermanTest/Content/Blueprints/PlayerCharacter/PlayerCharacter.uasset" 283
"../../../BombermanTest/Content/Material/Player1Head.uasset" 284
"../../../BombermanTest/Content/Blueprints/PlayerCharacter/Player1.uasset" 285
"../../../BombermanTest/Content/Blueprints/PowerUps/PowerUp_Amount.uasset" 286
"../../../BombermanTest/Content/Material/Dynamite.uasset" 287
"../../../BombermanTest/Content/Blueprints/PowerUps/PowerUp_Damage.uasset" 288
"../../../BombermanTest/Content/Material/ShoeMain.uasset" 289
"../../../BombermanTest/Content/Material/ShoeTop.uasset" 290
"../../../BombermanTest/Content/Blueprints/PowerUps/PowerUp_Speed.uasset" 291
"../../../BombermanTest/Content/StarterContent/Textures/T_Brick_Clay_Beveled_D.uasset" 292
"../../../BombermanTest/Content/StarterContent/Textures/T_Brick_Clay_Beveled_M.uasset" 293
"../../../BombermanTest/Content/StarterContent/Textures/T_Brick_Clay_Beveled_N.uasset" 294
"../../../BombermanTest/Content/StarterContent/Textures/T_MacroVariation.uasset" 295
"../../../BombermanTest/Content/StarterContent/Materials/M_Brick_Clay_Beveled.uasset" 296
"../../../BombermanTest/Content/Blueprints/Scenerary/SolidWall.uasset" 297
"../../../Engine/Content/Functions/Engine_MaterialFunctions01/Opacity/AlphaOffset.uasset" 298
"../../../BombermanTest/Content/StarterContent/Textures/T_Wood_Floor_Walnut_D.uasset" 299
"../../../BombermanTest/Content/StarterContent/Textures/T_Wood_Floor_Walnut_M.uasset" 300
"../../../BombermanTest/Content/StarterContent/Textures/T_Wood_Floor_Walnut_N.uasset" 301
"../../../BombermanTest/Content/StarterContent/Materials/M_Wood_Floor_Walnut_Worn.uasset" 302
"../../../BombermanTest/Content/Blueprints/Scenerary/BreakWall.uasset" 303
"../../../BombermanTest/Content/Levels/BombermanLevel_BuiltData.uasset" 304
"../../../BombermanTest/Content/Levels/BombermanLevel.umap" 305
"../../../BombermanTest/Content/UI/GameStart.uasset" 306
"../../../BombermanTest/Content/Levels/GameStartScreen.umap" 307
"../../../BombermanTest/Content/Levels/TestLevel.umap" 308
"../../../BombermanTest/Content/StarterContent/Blueprints/Assets/FogBrightnessLUT.uasset" 309
"../../../BombermanTest/Content/StarterContent/Blueprints/Assets/SunlightColorLUT.uasset" 310
"../../../BombermanTest/Content/StarterContent/Blueprints/Assets/M_LightStage_Arrows.uasset" 311
"../../../Engine/Content/MapTemplates/Sky/DaylightAmbientCubemap.uasset" 312
"../../../BombermanTest/Content/StarterContent/Blueprints/Assets/M_LightStage_Skybox_Master.uasset" 313
"../../../BombermanTest/Content/StarterContent/Blueprints/Assets/M_LightStage_Skybox_Black.uasset" 314
"../../../BombermanTest/Content/StarterContent/Blueprints/Assets/M_LightStage_Skybox_HDRI.uasset" 315
"../../../Engine/Content/EditorMaterials/Thumbnails/SkySphereMaterial.uasset" 316
"../../../BombermanTest/Content/StarterContent/Blueprints/Assets/Skybox.uasset" 317
"../../../BombermanTest/Content/StarterContent/Blueprints/Assets/SM_Arrows.uasset" 318
"../../../BombermanTest/Content/StarterContent/HDRI/HDRI_Epic_Courtyard_Daylight.uasset" 319
"../../../BombermanTest/Content/StarterContent/Blueprints/BP_LightStudio.uasset" 320
"../../../BombermanTest/Content/StarterContent/Maps/Advanced_Lighting_BuiltData.uasset" 321
"../../../BombermanTest/Content/StarterContent/Materials/M_AssetPlatform.uasset" 322
"../../../Engine/Content/EditorMeshes/ColorCalibrator/M_ChromeBall.uasset" 323
"../../../Engine/Content/EditorMeshes/ColorCalibrator/M_ClearCoat.uasset" 324
"../../../Engine/Content/EditorMeshes/ColorCalibrator/M_ClearCoatBlack.uasset" 325
"../../../Engine/Content/EditorMeshes/ColorCalibrator/M_ColorGrid.uasset" 326
"../../../Engine/Content/EditorMeshes/ColorCalibrator/M_GreyBall.uasset" 327
"../../../Engine/Content/EditorMeshes/ColorCalibrator/SM_ColorCalibrator.uasset" 328
"../../../BombermanTest/Content/StarterContent/Architecture/SM_AssetPlatform.uasset" 329
"../../../BombermanTest/Content/StarterContent/Maps/Advanced_Lighting.umap" 330
"../../../BombermanTest/Content/StarterContent/Maps/Minimal_Default_BuiltData.uasset" 331
"../../../BombermanTest/Content/StarterContent/Materials/M_Metal_Brushed_Nickel.uasset" 332
"../../../BombermanTest/Content/StarterContent/Textures/T_Metal_Aluminum_D.uasset" 333
"../../../BombermanTest/Content/StarterContent/Textures/T_Metal_Gold_N.uasset" 334
"../../../BombermanTest/Content/StarterContent/Materials/M_Metal_Burnished_Steel.uasset" 335
"../../../BombermanTest/Content/StarterContent/Textures/T_Metal_Copper_D.uasset" 336
"../../../BombermanTest/Content/StarterContent/Materials/M_Metal_Copper.uasset" 337
"../../../BombermanTest/Content/StarterContent/Textures/T_Statue_M.uasset" 338
"../../../BombermanTest/Content/StarterContent/Textures/T_Statue_N.uasset" 339
"../../../BombermanTest/Content/StarterContent/Props/Materials/M_StatueGlass.uasset" 340
"../../../BombermanTest/Content/StarterContent/Architecture/Floor_400x400.uasset" 341
"../../../BombermanTest/Content/StarterContent/Audio/Starter_Background_Cue.uasset" 342
"../../../BombermanTest/Content/StarterContent/Props/SM_Chair.uasset" 343
"../../../BombermanTest/Content/StarterContent/Props/Materials/M_Statue.uasset" 344
"../../../BombermanTest/Content/StarterContent/Props/SM_Statue.uasset" 345
"../../../BombermanTest/Content/StarterContent/Textures/T_TableRound_M.uasset" 346
"../../../BombermanTest/Content/StarterContent/Textures/T_TableRound_N.uasset" 347
"../../../BombermanTest/Content/StarterContent/Props/Materials/M_TableRound.uasset" 348
"../../../BombermanTest/Content/StarterContent/Props/SM_TableRound.uasset" 349
"../../../BombermanTest/Content/StarterContent/Maps/Minimal_Default.umap" 350
"../../../BombermanTest/Content/StarterContent/Audio/Fire01_Cue.uasset" 351
"../../../BombermanTest/Content/StarterContent/Textures/T_Fire_SubUV.uasset" 352
"../../../BombermanTest/Content/StarterContent/Textures/T_Fire_Tiled_D.uasset" 353
"../../../BombermanTest/Content/StarterContent/Particles/Materials/M_Fire_SubUV.uasset" 354
"../../../BombermanTest/Content/StarterContent/Textures/T_Water_N.uasset" 355
"../../../BombermanTest/Content/StarterContent/Particles/Materials/M_Heat_Distortion.uasset" 356
"../../../BombermanTest/Content/StarterContent/Particles/Materials/M_Radial_Gradient.uasset" 357
"../../../BombermanTest/Content/StarterContent/Particles/P_Fire.uasset" 358
"../../../BombermanTest/Content/StarterContent/Blueprints/Blueprint_Effect_Fire.uasset" 359
"../../../BombermanTest/Content/StarterContent/Audio/Smoke01_Cue.uasset" 360
"../../../BombermanTest/Content/StarterContent/Particles/P_Smoke.uasset" 361
"../../../BombermanTest/Content/StarterContent/Blueprints/Blueprint_Effect_Smoke.uasset" 362
"../../../BombermanTest/Content/StarterContent/Audio/Fire_Sparks01_Cue.uasset" 363
"../../../BombermanTest/Content/StarterContent/Textures/T_Spark_Core.uasset" 364
"../../../BombermanTest/Content/StarterContent/Particles/Materials/M_Spark.uasset" 365
"../../../BombermanTest/Content/StarterContent/Particles/P_Sparks.uasset" 366
"../../../BombermanTest/Content/StarterContent/Blueprints/Blueprint_Effect_Sparks.uasset" 367
"../../../BombermanTest/Content/StarterContent/Audio/Steam01_Cue.uasset" 368
"../../../BombermanTest/Content/StarterContent/Particles/P_Steam_Lit.uasset" 369
"../../../BombermanTest/Content/StarterContent/Blueprints/Blueprint_Effect_Steam.uasset" 370
"../../../BombermanTest/Content/StarterContent/Textures/T_Lamp_M.uasset" 371
"../../../BombermanTest/Content/StarterContent/Textures/T_Lamp_N.uasset" 372
"../../../BombermanTest/Content/StarterContent/Props/Materials/M_Lamp.uasset" 373
"../../../BombermanTest/Content/StarterContent/Props/SM_Lamp_Ceiling.uasset" 374
"../../../BombermanTest/Content/StarterContent/Blueprints/Blueprint_CeilingLight.uasset" 375
"../../../BombermanTest/Content/StarterContent/Props/SM_Lamp_Wall.uasset" 376
"../../../BombermanTest/Content/StarterContent/Blueprints/Blueprint_WallSconce.uasset" 377
"../../../BombermanTest/Content/StarterContent/Maps/StarterMap_BuiltData.uasset" 378
"../../../Engine/Content/Functions/Engine_MaterialFunctions03/Procedurals/ComputeFilterWidth.uasset" 379
"../../../Engine/Content/EngineMaterials/AntiAliasedTextMaterialTranslucent.uasset" 380
"../../../BombermanTest/Content/StarterContent/Textures/T_Brick_Clay_New_D.uasset" 381
"../../../BombermanTest/Content/StarterContent/Textures/T_Brick_Clay_New_M.uasset" 382
"../../../BombermanTest/Content/StarterContent/Textures/T_Brick_Clay_New_N.uasset" 383
"../../../BombermanTest/Content/StarterContent/Materials/M_Brick_Clay_New.uasset" 384
"../../../BombermanTest/Content/StarterContent/Textures/T_Brick_Clay_Old_D.uasset" 385
"../../../BombermanTest/Content/StarterContent/Textures/T_Brick_Clay_Old_N.uasset" 386
"../../../BombermanTest/Content/StarterContent/Textures/T_Perlin_Noise_M.uasset" 387
"../../../BombermanTest/Content/StarterContent/Materials/M_Brick_Clay_Old.uasset" 388
"../../../BombermanTest/Content/StarterContent/Textures/T_Brick_Cut_Stone_D.uasset" 389
"../../../BombermanTest/Content/StarterContent/Textures/T_Brick_Cut_Stone_N.uasset" 390
"../../../BombermanTest/Content/StarterContent/Materials/M_Brick_Cut_Stone.uasset" 391
"../../../BombermanTest/Content/StarterContent/Textures/T_Brick_Hewn_Stone_D.uasset" 392
"../../../BombermanTest/Content/StarterContent/Textures/T_Brick_Hewn_Stone_M.uasset" 393
"../../../BombermanTest/Content/StarterContent/Textures/T_Brick_Hewn_Stone_N.uasset" 394
"../../../BombermanTest/Content/StarterContent/Materials/M_Brick_Hewn_Stone.uasset" 395
"../../../BombermanTest/Content/StarterContent/Textures/T_Ceramic_Tile_M.uasset" 396
"../../../BombermanTest/Content/StarterContent/Textures/T_Ceramic_Tile_N.uasset" 397
"../../../BombermanTest/Content/StarterContent/Textures/T_Rock_Marble_Polished_D.uasset" 398
"../../../BombermanTest/Content/StarterContent/Materials/M_Ceramic_Tile_Checker.uasset" 399
"../../../BombermanTest/Content/StarterContent/Textures/T_CobbleStone_Pebble_D.uasset" 400
"../../../BombermanTest/Content/StarterContent/Textures/T_CobbleStone_Pebble_M.uasset" 401
"../../../BombermanTest/Content/StarterContent/Textures/T_CobbleStone_Pebble_N.uasset" 402
"../../../BombermanTest/Content/StarterContent/Materials/M_CobbleStone_Pebble.uasset" 403
"../../../BombermanTest/Content/StarterContent/Textures/T_CobbleStone_Rough_D.uasset" 404
"../../../BombermanTest/Content/StarterContent/Textures/T_CobbleStone_Rough_N.uasset" 405
"../../../BombermanTest/Content/StarterContent/Textures/T_Gradinet_01.uasset" 406
"../../../BombermanTest/Content/StarterContent/Textures/T_Rock_Smooth_Granite_D.uasset" 407
"../../../BombermanTest/Content/StarterContent/Materials/M_CobbleStone_Rough.uasset" 408
"../../../BombermanTest/Content/StarterContent/Textures/T_CobbleStone_Smooth_D.uasset" 409
"../../../BombermanTest/Content/StarterContent/Textures/T_CobbleStone_Smooth_M.uasset" 410
"../../../BombermanTest/Content/StarterContent/Textures/T_CobbleStone_Smooth_N.uasset" 411
"../../../BombermanTest/Content/StarterContent/Materials/M_CobbleStone_Smooth.uasset" 412
"../../../BombermanTest/Content/StarterContent/Textures/T_Concrete_Grime_D.uasset" 413
"../../../BombermanTest/Content/StarterContent/Textures/T_Metal_Rust_N.uasset" 414
"../../../BombermanTest/Content/StarterContent/Materials/M_Concrete_Grime.uasset" 415
"../../../BombermanTest/Content/StarterContent/Textures/T_Concrete_Panels_D.uasset" 416
"../../../BombermanTest/Content/StarterContent/Textures/T_Concrete_Panels_N.uasset" 417
"../../../BombermanTest/Content/StarterContent/Materials/M_Concrete_Panels.uasset" 418
"../../../BombermanTest/Content/StarterContent/Textures/T_Concrete_Poured_D.uasset" 419
"../../../BombermanTest/Content/StarterContent/Textures/T_Concrete_Poured_N.uasset" 420
"../../../BombermanTest/Content/StarterContent/Materials/M_Concrete_Poured.uasset" 421
"../../../BombermanTest/Content/StarterContent/Textures/T_Concrete_Tiles_D.uasset" 422
"../../../BombermanTest/Content/StarterContent/Textures/T_Concrete_Tiles_M.uasset" 423
"../../../BombermanTest/Content/StarterContent/Textures/T_Concrete_Tiles_N.uasset" 424
"../../../BombermanTest/Content/StarterContent/Textures/T_Concrete_Tiles_Variation_M.uasset" 425
"../../../BombermanTest/Content/StarterContent/Materials/M_Concrete_Tiles.uasset" 426
"../../../BombermanTest/Content/StarterContent/Textures/T_Ground_Grass_D.uasset" 427
"../../../BombermanTest/Content/StarterContent/Textures/T_Ground_Grass_N.uasset" 428
"../../../BombermanTest/Content/StarterContent/Materials/M_Ground_Grass.uasset" 429
"../../../BombermanTest/Content/StarterContent/Textures/T_Ground_Gravel_D.uasset" 430
"../../../BombermanTest/Content/StarterContent/Textures/T_Ground_Gravel_N.uasset" 431
"../../../BombermanTest/Content/StarterContent/Materials/M_Ground_Gravel.uasset" 432
"../../../BombermanTest/Content/StarterContent/Textures/T_ground_Moss_D.uasset" 433
"../../../BombermanTest/Content/StarterContent/Textures/T_Ground_Moss_N.uasset" 434
"../../../BombermanTest/Content/StarterContent/Materials/M_Ground_Moss.uasset" 435
"../../../BombermanTest/Content/StarterContent/Materials/M_Metal_Chrome.uasset" 436
"../../../BombermanTest/Content/StarterContent/Textures/T_Metal_Gold_D.uasset" 437
"../../../BombermanTest/Content/StarterContent/Materials/M_Metal_Gold.uasset" 438
"../../../BombermanTest/Content/StarterContent/Textures/T_Metal_Rust_D.uasset" 439
"../../../BombermanTest/Content/StarterContent/Materials/M_Metal_Rust.uasset" 440
"../../../BombermanTest/Content/StarterContent/Textures/T_Metal_Steel_D.uasset" 441
"../../../BombermanTest/Content/StarterContent/Textures/T_Metal_Steel_N.uasset" 442
"../../../BombermanTest/Content/StarterContent/Materials/M_Metal_Steel.uasset" 443
"../../../BombermanTest/Content/StarterContent/Textures/T_Rock_Basalt_N.uasset" 444
"../../../BombermanTest/Content/StarterContent/Materials/M_Rock_Basalt.uasset" 445
"../../../BombermanTest/Content/StarterContent/Materials/M_Rock_Marble_Polished.uasset" 446
"../../../BombermanTest/Content/StarterContent/Textures/T_Rock_Sandstone_D.uasset" 447
"../../../BombermanTest/Content/StarterContent/Textures/T_Rock_Sandstone_N.uasset" 448
"../../../BombermanTest/Content/StarterContent/Materials/M_Rock_Sandstone.uasset" 449
"../../../BombermanTest/Content/StarterContent/Textures/T_Rock_Slate_D.uasset" 450
"../../../BombermanTest/Content/StarterContent/Textures/T_Rock_Slate_N.uasset" 451
"../../../BombermanTest/Content/StarterContent/Materials/M_Rock_Slate.uasset" 452
"../../../BombermanTest/Content/StarterContent/Textures/T_Checker_Noise_M.uasset" 453
"../../../BombermanTest/Content/StarterContent/Textures/T_Single_Tile_N.uasset" 454
"../../../BombermanTest/Content/StarterContent/Textures/T_Tech_Dot_M.uasset" 455
"../../../BombermanTest/Content/StarterContent/Textures/T_Tech_Dot_N.uasset" 456
"../../../BombermanTest/Content/StarterContent/Materials/M_Tech_Checker_Dot.uasset" 457
"../../../BombermanTest/Content/StarterContent/Textures/T_Tech_Hex_Tile_M.uasset" 458
"../../../BombermanTest/Content/StarterContent/Textures/T_Tech_Hex_Tile_N.uasset" 459
"../../../BombermanTest/Content/StarterContent/Materials/M_Tech_Hex_Tile.uasset" 460
"../../../BombermanTest/Content/StarterContent/Materials/M_Tech_Hex_Tile_Pulse.uasset" 461
"../../../BombermanTest/Content/StarterContent/Textures/T_Tech_Panel_M.uasset" 462
"../../../BombermanTest/Content/StarterContent/Textures/T_Tech_Panel_N.uasset" 463
"../../../BombermanTest/Content/StarterContent/Materials/M_Tech_Panel.uasset" 464
"../../../BombermanTest/Content/StarterContent/Materials/M_Water_Lake.uasset" 465
"../../../BombermanTest/Content/StarterContent/Textures/T_Water_M.uasset" 466
"../../../BombermanTest/Content/StarterContent/Materials/M_Water_Ocean.uasset" 467
"../../../BombermanTest/Content/StarterContent/Materials/M_Wood_Floor_Walnut_Polished.uasset" 468
"../../../BombermanTest/Content/StarterContent/Textures/T_Wood_Oak_D.uasset" 469
"../../../BombermanTest/Content/StarterContent/Textures/T_Wood_Oak_N.uasset" 470
"../../../BombermanTest/Content/StarterContent/Materials/M_Wood_Oak.uasset" 471
"../../../BombermanTest/Content/StarterContent/Textures/T_Wood_Pine_D.uasset" 472
"../../../BombermanTest/Content/StarterContent/Textures/T_Wood_Pine_N.uasset" 473
"../../../BombermanTest/Content/StarterContent/Materials/M_Wood_Pine.uasset" 474
"../../../BombermanTest/Content/StarterContent/Textures/T_Wood_Walnut_D.uasset" 475
"../../../BombermanTest/Content/StarterContent/Textures/T_Wood_Walnut_N.uasset" 476
"../../../BombermanTest/Content/StarterContent/Materials/M_Wood_Walnut.uasset" 477
"../../../BombermanTest/Content/StarterContent/Architecture/Wall_400x200.uasset" 478
"../../../BombermanTest/Content/StarterContent/Architecture/Wall_Door_400x300.uasset" 479
"../../../BombermanTest/Content/StarterContent/Architecture/Wall_Window_400x300.uasset" 480
"../../../BombermanTest/Content/StarterContent/Audio/Collapse_Cue.uasset" 481
"../../../BombermanTest/Content/StarterContent/Audio/Starter_Music_Cue.uasset" 482
"../../../BombermanTest/Content/StarterContent/Textures/T_Dust_Particle_D.uasset" 483
"../../../BombermanTest/Content/StarterContent/Particles/Materials/M_Dust_Particle.uasset" 484
"../../../BombermanTest/Content/StarterContent/Particles/P_Ambient_Dust.uasset" 485
"../../../BombermanTest/Content/StarterContent/Props/MaterialSphere.uasset" 486
"../../../BombermanTest/Content/StarterContent/Textures/T_Frame_M.uasset" 487
"../../../BombermanTest/Content/StarterContent/Textures/T_Frame_N.uasset" 488
"../../../BombermanTest/Content/StarterContent/Props/Materials/M_Frame.uasset" 489
"../../../BombermanTest/Content/StarterContent/Props/SM_CornerFrame.uasset" 490
"../../../BombermanTest/Content/StarterContent/Props/SM_DoorFrame.uasset" 491
"../../../BombermanTest/Content/StarterContent/Props/SM_GlassWindow.uasset" 492
"../../../BombermanTest/Content/StarterContent/Props/SM_PillarFrame.uasset" 493
"../../../BombermanTest/Content/StarterContent/Props/SM_PillarFrame300.uasset" 494
"../../../BombermanTest/Content/StarterContent/Props/SM_WindowFrame.uasset" 495
"../../../BombermanTest/Content/StarterContent/Shapes/Shape_Cube.uasset" 496
"../../../BombermanTest/Content/StarterContent/Shapes/Shape_QuadPyramid.uasset" 497
"../../../BombermanTest/Content/StarterContent/Shapes/Shape_Sphere.uasset" 498
"../../../BombermanTest/Content/StarterContent/Maps/StarterMap.umap" 499
"../../../Engine/Content/Maps/Entry.umap" 500
